2020.11.10 01:27:39 INFO  started: Metals version 0.9.4 in workspace 'C:\xampp\htdocs\learns\Bayfront-Hotel-Project' for client vscode.
2020.11.10 01:27:41 INFO  time: initialize in 1.41s
2020.11.10 01:27:43 WARN  no build tool detected in workspace 'C:\xampp\htdocs\learns\Bayfront-Hotel-Project'. The most common cause for this problem is that the editor was opened in the wrong working directory, for example if you use sbt then the workspace directory should contain build.sbt. 
2020.11.10 01:40:18 INFO  shutting down Metals
2020.11.11 14:22:54 INFO  Started: Metals version 0.9.5 in workspace 'C:\xampp\htdocs\learns\Bayfront-Hotel-Project' for client vscode.
2020.11.11 14:22:56 INFO  time: initialize in 1.75s
2020.11.11 14:22:57 WARN  Build server is not auto-connectable.
2020.11.11 14:22:57 WARN  no build tool detected in workspace 'C:\xampp\htdocs\learns\Bayfront-Hotel-Project'. The most common cause for this problem is that the editor was opened in the wrong working directory, for example if you use sbt then the workspace directory should contain build.sbt. 
Nov 12, 2020 2:10:51 AM org.eclipse.lsp4j.jsonrpc.services.GenericEndpoint notify
INFO: Unsupported notification method: $/setTraceNotification
2020.11.12 02:27:58 INFO  shutting down Metals
2020.11.12 02:30:27 INFO  Started: Metals version 0.9.5 in workspace 'C:\xampp\htdocs\learns\Bayfront-Hotel-Project' for client vscode.
2020.11.12 02:30:30 INFO  time: initialize in 3.3s
2020.11.12 02:30:32 WARN  Build server is not auto-connectable.
2020.11.12 02:30:32 WARN  no build tool detected in workspace 'C:\xampp\htdocs\learns\Bayfront-Hotel-Project'. The most common cause for this problem is that the editor was opened in the wrong working directory, for example if you use sbt then the workspace directory should contain build.sbt. 
2020.11.12 02:42:17 INFO  shutting down Metals
2020.11.12 19:18:50 INFO  Started: Metals version 0.9.5 in workspace 'C:\xampp\htdocs\learns\Bayfront-Hotel-Project' for client vscode.
2020.11.12 19:18:52 INFO  time: initialize in 1.98s
2020.11.12 19:18:55 WARN  Build server is not auto-connectable.
2020.11.12 19:18:55 WARN  no build tool detected in workspace 'C:\xampp\htdocs\learns\Bayfront-Hotel-Project'. The most common cause for this problem is that the editor was opened in the wrong working directory, for example if you use sbt then the workspace directory should contain build.sbt. 
2020.11.12 19:31:40 INFO  shutting down Metals
2020.11.13 08:37:14 INFO  Started: Metals version 0.9.5 in workspace 'C:\xampp\htdocs\learns\Bayfront-Hotel-Project' for client vscode.
2020.11.13 08:37:16 INFO  time: initialize in 2.39s
2020.11.13 08:37:18 WARN  Build server is not auto-connectable.
2020.11.13 08:37:18 WARN  no build tool detected in workspace 'C:\xampp\htdocs\learns\Bayfront-Hotel-Project'. The most common cause for this problem is that the editor was opened in the wrong working directory, for example if you use sbt then the workspace directory should contain build.sbt. 
2020.11.13 18:17:37 INFO  Started: Metals version 0.9.5 in workspace 'C:\xampp\htdocs\learns\Bayfront-Hotel-Project' for client vscode.
2020.11.13 18:17:39 INFO  time: initialize in 2.1s
2020.11.13 18:17:45 WARN  Build server is not auto-connectable.
2020.11.13 18:17:45 WARN  no build tool detected in workspace 'C:\xampp\htdocs\learns\Bayfront-Hotel-Project'. The most common cause for this problem is that the editor was opened in the wrong working directory, for example if you use sbt then the workspace directory should contain build.sbt. 
2020.11.14 02:11:54 INFO  shutting down Metals
2020.11.14 11:20:52 INFO  Started: Metals version 0.9.5 in workspace 'C:\xampp\htdocs\learns\Bayfront-Hotel-Project' for client vscode.
2020.11.14 11:20:57 INFO  time: initialize in 4.79s
2020.11.14 11:21:01 WARN  Build server is not auto-connectable.
2020.11.14 11:21:01 WARN  no build tool detected in workspace 'C:\xampp\htdocs\learns\Bayfront-Hotel-Project'. The most common cause for this problem is that the editor was opened in the wrong working directory, for example if you use sbt then the workspace directory should contain build.sbt. 
2020.11.15 04:24:37 INFO  shutting down Metals
2020.11.16 13:08:00 INFO  Started: Metals version 0.9.5 in workspace 'C:\xampp\htdocs\learns\Bayfront-Hotel-Project' for client vscode.
2020.11.16 13:08:03 INFO  time: initialize in 2.36s
2020.11.16 13:08:10 WARN  Build server is not auto-connectable.
2020.11.16 13:08:10 WARN  no build tool detected in workspace 'C:\xampp\htdocs\learns\Bayfront-Hotel-Project'. The most common cause for this problem is that the editor was opened in the wrong working directory, for example if you use sbt then the workspace directory should contain build.sbt. 
2020.11.16 14:54:50 INFO  shutting down Metals
2020.11.17 09:33:13 INFO  Started: Metals version 0.9.5 in workspace 'C:\xampp\htdocs\learns\Bayfront-Hotel-Project' for client vscode.
2020.11.17 09:33:16 INFO  time: initialize in 2.85s
2020.11.17 09:33:22 WARN  Build server is not auto-connectable.
2020.11.17 09:33:22 WARN  no build tool detected in workspace 'C:\xampp\htdocs\learns\Bayfront-Hotel-Project'. The most common cause for this problem is that the editor was opened in the wrong working directory, for example if you use sbt then the workspace directory should contain build.sbt. 
